69,56 68,55 68,54 68,53 68,52 68,51 68,50 68,49 68,48 68,47 68,46 68,45 68,44 68,43 68,42 68,41 68,40 68,39
171,7 170,8 169,9 169,10 170,11 171,12 171,13 172,14 172,15 172,16 171,17 170,18 169,19 169,20 169,21 170,22 169,23 169,24 169,25 170,26 169,27 169,28 168,29 167,29 166,30 165,30 164,29
223,129 222,130 221,131 220,132 219,133 218,134 217,135 216,136 215,137 214,138 213,139 212,139 211,138 210,139 209,139 208,140 207,141 206,140 205,141 204,142 203,143 202,144 201,144 200,145 199,145 198,145 197,145
213,241 214,242 215,242 216,241 217,241 218,240 219,239 220,238 221,238 222,239 222,240 221,241 220,242 219,243 219,244
199,129 200,130 201,131 202,132 201,133 202,134 203,135 204,136 205,135 206,136 207,136 208,136 209,136 210,136 211,136 212,136 213,136 214,136 215,136 216,136 217,136 218,136 219,136 220,136 221,135 222,134 223,135 224,136 225,136 226,136 227,136
164,103 163,102 162,101 162,100 162,99 162,98 162,97 162,96 162,95 163,94 162,93 162,92 162,91 162,90 162,89 162,88 161,87 162,86 162,85 162,84 162,83 162,82 162,81 163,80 162,79
125,24 126,25 127,26 128,27 128,28 127,29 126,30 126,31 127,32 126,33 127,34 128,34 129,33 130,33 131,33 132,33
63,125 62,126 62,127 62,128
26,213 25,213 24,213 23,212 22,212 21,212 20,212 19,212 18,213 18,214 19,215 20,216 21,217 22,218 23,219 24,220 25,221 26,222 26,223 26,224
121,0 122,1 123,2 124,3 125,4 126,5 127,6 128,7 129,8 130,9 131,10 132,11 132,12 131,13 130,14 130,15 131,16 132,17 133,18 134,19 135,20 136,21 137,22 138,23 139,23 140,23 141,23 142,23 143,23
66,107 65,107 64,108 63,109 62,109 61,110 60,111 60,112 60,113 59,114 58,114 57,115 56,116 55,117 54,118 53,118 52,119 51,120 50,121 49,122 48,123 47,124 46,125 46,126 46,127 46,128
25,15 24,16 23,17 22,18 21,19 21,20 21,21 21,22 21,23 21,24 21,25 21,26 21,27 21,28 21,29 21,30 21,31
2,209 1,209 0,208 0,207 0,206 0,205 0,204 1,203 1,202 1,201 1,200 1,199 1,198 1,197 1,196 1,195 1,194 1,193 1,192 1,191 1,190 1,189 1,188 1,187 0,186 1,185
245,139 244,138 243,137 242,136 241,135 240,135 239,134 238,133 237,132 236,131 236,130 236,129 236,128 236,127 236,126 236,125 236,124 236,123 236,122 236,121 236,120 236,119 236,118 237,117 236,116
122,164 121,163 120,162 120,161 119,160 120,159 120,158 120,157 120,156 120,155 120,154 120,153 120,152 120,151 120,150 120,149 121,148 121,147 120,146 120,145 120,144 120,143 120,142 120,141
169,54 168,55 167,56 166,57 165,58 164,59 163,60 162,61 161,62 160,62 159,62 158,62 157,62 156,62
199,147 198,146 197,145 196,144 195,143 194,142 193,141 192,141 191,140 190,139 189,139 188,138 187,138 186,138 185,138 184,138 183,138 182,138 181,137 181,136 181,135 182,134 183,133 183,132 182,131 183,130 183,129 183,128 183,127 183,126
176,60 177,61 178,62 179,63 180,64 181,65 182,66 183,67 184,68 185,68 186,68 187,68 188,68
58,167 59,167 60,168 61,168 62,168
85,41 85,42 85,43 85,44 86,45 86,46 85,47 85,48 85,49 85,50 85,51 85,52 85,53
9,103 9,102 8,101 9,100 9,99 10,98 11,97 12,96 13,95 14,94 14,93 13,92 13,91 13,90 13,89 12,88 13,87 14,86 15,85 16,84 17,83 18,82 19,81 20,80 21,79 22,78 23,77 23,76 23,75 23,74
83,26 84,25 85,24 86,23 87,22 88,21 89,21 90,21 91,21 92,21 93,21 94,21 95,21 96,21 97,21 98,21 99,21
224,202 225,203 226,204 227,205 228,206 229,207 230,206 231,206 232,206 233,206 234,207 235,208 236,209 237,210 238,211 239,212 239,213 238,214 237,215 238,216 239,217 240,218 241,219 242,220 243,221 243,222 243,223 243,224 243,225 243,226 243,227
25,38 26,37 27,36 28,35 29,34 30,33 30,32 30,31 30,30 30,29 30,28 30,27 30,26 30,25 30,24 30,23 30,22 30,21 30,20 30,19 30,18 30,17 30,16
153,7 152,7 151,7 150,7 149,8 148,9 147,10 146,11 145,12 144,13 143,14 142,15 141,16 140,16 139,16 138,15 137,16 136,16 135,16
32,249 31,248 30,247 29,246 28,246 27,246 26,246 25,246 24,246 23,246 22,246 21,246 20,246 19,246 18,246 17,246 16,246 15,246 14,246 13,246 12,246 11,246 10,246 9,246 8,246 7,246 6,246 5,246 4,246 3,246
22,83 23,84 24,84 25,85 26,86 27,87 28,88 29,89 30,90 31,91 32,91 33,92 34,93 35,94 36,95 37,96 38,97 39,98 40,98 41,99 42,100 43,101 44,100 45,101 46,102 46,103 46,104 46,105 46,106 46,107 46,108 46,109 46,110 46,111
198,163 199,164 200,165 201,166 202,167 203,168 204,169 205,170 205,171 205,172 205,173 205,174 205,175 205,176 205,177 204,178 205,179 205,180 205,181 205,182 206,183 205,184
74,65 73,66 72,66 71,67 70,68 69,69 68,70 67,71 66,71 65,70 64,70 63,71 62,72 61,73 60,74 59,75 58,76 57,77 56,77 55,77 54,76 53,75 52,75 51,75 50,75 49,75 48,75 47,76 47,77 47,78 47,79 47,80 47,81 47,82 47,83 47,84 47,85 47,86 47,87 47,88 47,89 46,90 47,91 47,92 47,93 47,94
108,156 109,155 110,155 111,155 112,155 113,156 114,156 115,157 116,158 117,159 118,159 119,159
103,34 102,33 101,32 100,31 99,30 98,29 99,28 100,27 101,26 102,25 103,24 104,23 104,22 104,21 103,20 102,19 101,19 100,19 99,19 98,19
196,104 197,103 198,102 199,101 200,100 201,99 202,99 203,98 204,97 204,96 204,95 204,94 204,93 204,92 204,91
23,110 24,111 25,112 26,113 27,114 28,115 29,116 30,117 31,118 32,119 33,119 34,119
10,61 11,60 12,59 13,58 14,57 15,56 16,57 17,58 18,58 19,57 20,56 20,55 20,54 20,53 20,52 20,51 19,50
100,185 100,184 100,183 99,182 98,181 97,180 96,179 95,178 94,177 93,176 92,175 91,174 92,173 92,172 93,171 94,170 95,169 96,168 97,169 98,170 99,170 100,170 101,171 102,172 103,173 104,173 105,173
228,153 229,154 230,155 231,156 232,157 233,158 234,159 235,160 236,161 237,162 238,162 239,161 240,161 241,160 242,160 243,160 244,161 245,162 245,163
51,179 50,180 49,181 48,182 47,183 47,184 47,185 46,186 45,187 44,188 43,189 42,190 41,190 40,190 39,190 38,190 37,190 36,190 35,190 34,190 33,190 32,190 31,190 30,190
197,101 198,102 199,103 198,104 197,105 196,106 197,107 197,108 197,109 198,110 199,111 199,112 199,113 199,114 199,115 199,116 199,117 200,118 201,118 202,118 203,118 204,117 205,117 206,116 207,115 208,114 209,113 210,112 210,111 210,110
8,88 9,87 10,86 11,85 12,85 13,85 14,85 15,85 16,85
182,242 183,241 184,241 185,242 186,242 187,243 188,243 189,242 190,241 190,240 191,239 192,238 193,237 192,236 192,235 193,234 193,233 194,232 195,231 196,230 197,229 198,228 199,228 200,229 201,229 202,229 203,228 204,227 205,226 206,225 206,224 206,223 206,222 206,221 206,220 206,219 206,218 206,217 206,216 206,215 206,214 206,213 206,212
16,215 17,216 18,217 19,218 20,219 21,220 22,221 23,222 24,223 25,224 25,225 25,226 25,227 25,228 25,229 25,230 26,231 25,232 25,233 25,234 26,235 25,236 25,237
239,143 238,142 237,141 236,140 235,139 234,138 233,137 232,136 231,135 230,134 230,133 230,132 230,131 230,130 230,129 230,128 230,127 230,126 230,125 230,124 230,123 230,122
31,185 30,184 29,183 28,184 27,183 26,182 25,181 24,180 23,179 22,178 21,177 20,177 19,177 18,177 17,177 16,177 15,177 14,177 13,177 12,177
71,192 72,191 72,190 73,189 72,188 71,187 70,186 69,186 68,185 67,185 66,185 65,185 64,186 63,187 63,188 63,189 63,190 63,191 63,192 63,193
246,41 245,41 244,41 243,41 242,42 241,43 240,44 239,45 238,46 237,46 236,47 235,48 234,49 233,50 232,51 231,52 230,52 229,52 228,52 227,52 226,52 225,52 224,52 223,52 222,52 221,52 220,52 219,52 218,52
51,167 52,168 53,169 54,170 54,171 54,172 53,173 53,174 54,175 55,176 56,177 56,178 57,179 58,180 59,181 60,181 61,182 62,182 63,183 64,184 65,185 66,185 67,185 68,185
222,88 221,89 220,90 219,91 220,92 221,93 222,94 223,95 224,96 225,97 226,98 227,99 226,100 225,101 224,102 223,103 222,104 221,105 220,106 219,107 219,108 219,109 219,110 219,111 219,112
87,110 88,111 89,111 90,111 91,112 92,113 93,114 94,114 95,115 95,116 96,117 96,118 97,119 98,120 99,121 100,122 101,123 101,124 102,125 103,126 104,126 105,126 106,126 107,126
65,183 64,184 63,185 62,186 61,187 60,188 59,189 58,190 57,191 56,192 55,193 54,192 53,191 52,190 51,190 50,191 49,192 48,193 47,194 46,194 45,193 44,192 43,192 42,192 41,192 40,193 39,193 38,193 37,194 36,195 36,196 36,197 37,198 38,199 39,200 40,201 40,202 40,203 40,204 40,205 40,206 40,207 40,208 40,209 40,210 40,211
183,96 182,95 183,94 183,93 183,92 183,91 183,90 183,89 183,88 183,87 183,86 183,85 183,84 183,83 184,82 185,81 184,80 184,79 184,78 183,77 183,76 183,75 183,74 183,73 183,72 183,71 183,70 183,69
236,20 235,21 234,22 233,23 232,24 231,25 230,26 229,27 228,28 227,28 226,29 226,30 226,31 226,32 225,33 224,34 223,34 222,34 221,34 220,34 219,34 218,34 217,34
64,50 65,49 66,48 67,47 68,46 69,46 70,46 71,46 72,46 73,46
54,76 55,75 56,74 57,74 58,74 59,74
0,152 0,153 1,154 2,155 3,156 4,157 5,158 6,159 7,160 8,161 9,162 10,163 11,162 12,161 13,161 14,160 15,160 16,161 17,162 18,163 19,163 20,163
141,74 142,75 143,76 144,77 145,78 146,79 147,80 148,81 149,82 150,83 151,84 152,84 153,84 154,85 155,85 156,86 157,87 158,88 159,89 160,90 161,91 162,92 163,93 164,94 165,95 166,96 167,97 168,98 169,99 170,99
67,157 68,158 69,159 70,160 71,160 72,159 73,160 74,160 75,160 76,160 77,160 78,160 79,160 80,160 81,160 82,160 83,160 84,160 85,160 86,160 87,160
69,184 70,185 71,186 72,187 73,188 74,188 75,188 76,188 77,188 78,188 79,188 80,188 81,188 82,187 83,186 84,186 85,186 86,186 87,187 88,188 89,188 90,188 91,188 92,188 93,188 94,188 95,188 96,188 97,189 98,188 99,188
71,3 70,4 69,5 68,6 67,7 66,8 65,9 64,10 63,11 62,11 61,12 60,13 59,14 58,15 57,15 56,14 55,14 54,15 53,16 53,17
103,157 102,156 102,155 101,154 100,153 100,152 100,151 100,150 100,149 100,148 100,147 100,146 101,145 100,144 100,143 100,142
83,4 84,5 85,6 86,7 87,8 88,9 89,10 90,11 91,12 92,13 93,14 94,15 95,16 96,17 97,18 98,19 99,20 100,21 101,20 102,20 103,20 104,21 105,22 106,23 107,24 108,25 109,26 110,26 111,26 112,26
128,125 127,124 127,123 127,122 127,121 127,120 127,119 127,118 127,117 127,116
119,240 120,239 121,238 122,238 123,238
22,148 23,147 24,146 25,145 26,144 27,143 28,142 29,141 30,140 29,139 30,138 31,137 32,136 33,135 34,134 35,133 36,132 36,131 35,130 34,129 33,128 32,127 32,126 33,125 34,124 35,123 36,122 37,122 38,122 39,122 40,122
87,55 86,54 85,53 85,52 85,51 86,50 87,50 88,50 89,50 90,50 91,51 92,51 93,51 94,52 95,53 96,52 97,51 98,50 99,49 100,50 101,50 102,51 103,52 103,53 102,54 101,55 101,56 100,57 99,58 99,59 99,60 99,61 99,62 99,63 99,64 99,65 99,66 99,67 99,68 99,69 99,70 98,71 97,72 97,73 97,74 97,75 98,76 99,77 99,78 99,79 99,80 99,81 99,82 99,83 99,84 99,85
18,234 19,235 20,236 21,237 22,238 23,238 24,239 25,240 26,241 27,242 28,243 29,244 30,245 31,246 32,247 33,248 34,249 35,249 36,249 37,249 38,249 39,249 40,249 41,249
157,169 156,170 155,171 154,172 153,173 152,174 151,175 150,176 149,177 148,178 147,179 146,178 145,178 144,178 143,177 142,177 141,177 140,176 139,177 138,177 137,178 136,179 135,180 134,181 134,182
87,166 88,167 89,168 90,169 91,170 92,171 93,171 94,170 95,169 96,168 97,169 98,170 99,170 100,170 101,171 102,172 103,173 104,174 104,175 104,176 104,177 104,178
126,67 125,66 124,65 123,64 122,63 121,62 120,61 119,62 118,63 117,64 116,65 115,65 114,64 113,64 112,63 111,62 110,61 109,60 108,60 107,59 106,58 105,57 105,56 105,55 105,54 105,53 105,52 105,51 105,50
26,77 25,77 24,76 23,77 22,77 21,78 20,79 19,79 18,79 17,79 16,78 15,77 14,77 13,77 12,77 11,77 10,77 9,77
86,57 85,58 84,59 83,60 82,61 81,61 80,62 79,62 78,62 77,62 76,62 75,62 74,63 75,64 76,65 77,66 78,67 78,68 78,69 78,70 78,71 78,72 78,73 78,74
21,179 22,178 23,177 24,176 25,175 25,174 26,173 27,172 28,171 28,170 29,169 30,168 31,167 32,166 33,165 34,164 35,163 36,162 37,161 38,160 39,159 40,158 41,157 42,156 43,156 44,156 45,156
96,106 95,107 94,108 93,109 92,110 91,111 90,111 89,111 88,111 87,112 86,113 85,114 84,115 83,116 82,117 81,118 81,119 81,120 81,121
144,78 145,79 146,80 147,81 148,82 149,83 150,84 151,84 152,84 153,84 154,85 155,85 156,86 157,87 158,88 159,89 160,90 161,91 162,92 163,93 164,94 165,95 166,96 167,97 168,98 168,99 168,100 168,101 167,102 168,103 168,104 168,105
179,117 180,117 181,118 182,118 183,118 184,118
87,25 86,24 85,23 84,22 83,21 82,20 81,21 80,21 79,21 78,20 77,19 76,18 75,17 74,16 73,15 72,14 71,13 70,12 69,11 68,10 67,9 66,8 65,7 64,6 63,5 62,4 61,3 60,2 59,2
167,64 166,63 165,62 164,61 163,60 162,59 163,58 162,57 162,56 162,55 162,54 163,53 162,52 161,51 160,50 159,49 158,48 157,47 156,46 155,45 154,44 153,43 152,42 151,41 151,40 150,39 149,38 148,37 147,37 146,37 145,37
39,238 40,237 41,236 42,237 43,238 44,238 45,239 46,239 47,238 48,237 49,236 49,235 49,234 48,233 47,232 46,231 45,230 44,229 43,228 42,227 41,226 40,225 41,224 41,223 41,222 41,221 41,220 41,219 41,218 41,217
173,15 172,16 172,17 172,18 172,19 172,20 172,21 173,22 172,23 172,24 172,25 172,26 172,27 172,28 172,29 172,30 172,31 172,32
66,49 65,50 64,51 63,51 62,52 61,53 60,54 59,55 58,56 57,57 56,58 55,59 54,60 53,61 52,62 52,63 52,64 52,65 52,66 52,67 52,68 51,69 50,70 49,71 48,72 47,73 46,74 45,75 44,75 43,75 42,75 41,75 40,75 39,75
36,10 37,11 38,12 39,12 40,11 41,11 42,11 43,11 44,11 45,11 46,11 47,11 48,11 49,11 50,11 51,12 52,13 53,14 54,15 55,14 56,14 57,15 58,16 59,17 60,18 61,19 62,20 63,21 63,22 63,23 63,24 63,25
55,73 56,74 57,75 58,76 59,77 60,78 61,79 62,80 63,81 64,81 65,82 66,83 67,84 68,85 69,86 70,87 71,88 72,89 73,90 74,90 75,90 76,90 77,90 78,90
126,42 127,43 127,44 127,45 127,46 127,47 127,48 127,49 127,50 127,51 127,52 127,53 128,54 127,55 127,56 127,57 127,58 127,59 126,60 125,61 125,62 125,63 125,64 126,65 126,66 127,67 127,68 127,69 127,70
247,102 246,101 245,100 244,99 243,98 242,97 241,96 240,95 239,94 238,94 237,94 236,94 235,94 234,94 233,94 232,95 231,96 230,97 229,97 228,96 227,95 226,94
98,150 99,149 100,148 100,147 100,146 101,145 100,144 100,143 100,142 100,141 100,140 100,139 100,138 100,137 99,136 98,135 98,134 98,133 99,132 100,131 100,130 100,129 100,128 100,127 100,126 100,125 100,124
125,74 124,75 123,76 122,77 121,78 120,79 119,79 118,79 117,79 116,79 115,79 114,79 113,79 112,79 111,79 110,79 109,79 108,79 107,78 106,78 105,77 104,77 103,78 102,79 101,79 100,79 99,79 98,79 97,79 96,79
8,178 9,179 10,180 11,180 12,181 13,182 14,183 15,184 16,185 17,186 18,187 19,188 20,189 21,190 22,191 23,192 23,193 23,194 23,195 23,196 23,197 23,198 23,199
52,115 51,114 50,113 49,112 48,111 47,110 46,109 45,108 44,107 43,106 42,105 41,104 40,103 39,102 38,102 37,102
216,201 216,202 216,203 215,204 214,205 213,206 212,205 211,205 210,205 209,205 208,206 207,207 206,207 205,206 204,207 203,207 202,207 201,207 200,207 199,207 198,207 197,207
78,31 77,30 76,29 76,28 75,27 74,27 73,27 72,27 71,27 70,27 69,27 68,26 67,27 66,27 65,27 64,27 63,27 62,27 61,27 60,27
59,8 58,9 57,10 56,11 55,12 55,13 56,14 57,15 58,16 58,17 57,18 57,19 56,20 56,21 56,22 57,23 57,24 57,25 57,26 56,27 55,28 55,29 55,30 55,31 55,32 55,33
27,50 27,49 27,48 27,47 27,46 27,45 27,44 27,43 26,42 26,41 27,40 27,39 27,38 27,37 27,36 27,35 27,34 27,33 27,32 27,31 27,30 27,29 27,28 27,27 27,26 27,25 27,24 28,23 27,22
204,71 203,70 202,69 201,68 200,67 199,66 198,65 198,64
213,85 214,86 215,87 216,88 217,89 218,90 219,91 220,92 221,93 222,94 223,95 224,96 225,97 226,98 227,99 228,100 229,101 230,102 231,103 232,104 233,105 234,106 235,107 236,108 237,109 238,110 239,111 240,112 241,113 242,114
224,117 224,118 223,119 224,120 224,121 224,122
108,120 108,119 108,118 109,117 110,117 111,117 112,117 113,117 114,117 115,117 116,117 117,117 118,117 119,117 120,117
74,61 75,62 74,63 75,64 76,65 77,66 78,67 79,68 80,69 81,70 82,71 83,72 83,73 82,74 82,75 81,76 80,77 79,78 78,79 78,80 79,81 80,82 81,83 82,84 83,85 83,86 83,87
93,132 92,133 91,134 90,135 89,136 88,137 87,138 86,139 85,140 84,141 83,142 82,143 81,144 80,145 79,146 78,147 77,148 76,149 75,150 74,151 73,152 72,153 71,153 70,153 69,153 68,153
203,75 204,74 205,73 206,72 207,71 208,70 209,69 210,68 211,67 212,66 213,65 214,64 215,63 216,62 217,61 217,60 218,59 219,58 219,57 220,56 221,55 222,54 223,53 224,52 225,51 226,50 227,49 228,49
236,41 235,41 234,41 233,41 232,41 231,41 230,41 229,42 228,43 227,44 226,45 225,45 224,45 223,44 222,43 222,42 222,41
54,94 55,95 56,96 57,97 58,98 59,99 60,100 61,101 62,102 63,103 64,104 65,105 66,106 67,107 67,108 68,109 69,110 70,111 71,111 72,111 73,111 74,111 75,111 76,111 77,111 78,111 79,111 80,111 81,111
