60,109 61,108 62,107 63,106 64,105 65,104 66,103 67,102 68,101 69,100 69,99 68,98 68,97 68,96 68,95 68,94 69,93 70,92 71,91 72,90 73,89 74,88 75,89 76,89 77,89 78,88 79,87 80,86 81,85 82,85 83,85 84,85 85,85 86,85 87,85 88,85 89,85
48,15 47,16 46,17 45,18 44,17 43,17 42,16 41,17 40,18 39,18 38,19 37,20 36,21 35,22 34,23 33,24 32,25 31,26 30,27 29,28 28,28 27,28 26,28 25,28 24,28 23,28 22,28
51,17 50,18 49,19 48,20 48,21 48,22 48,23 48,24 48,25
245,249 244,248 243,248 242,248 241,248 240,248 239,248 238,249 237,249 236,249 235,248 234,248
152,112 151,111 150,110 149,109 148,108 147,107 146,106 145,105 144,104 143,103 142,102 141,101 140,100 139,99 138,99 137,98 136,97 135,96 134,95 133,94 132,93 132,92 132,91 133,90 134,89 134,88 135,87 136,86 137,85 137,84 137,83
66,70 65,69 64,68 63,67 62,66 61,65 60,65 59,65 58,65 57,65 56,65 55,65 54,65
0,86 0,87 0,88 1,89 2,89 3,89 4,89 5,89 6,89 7,89
180,190 181,191 182,191 183,192 184,193 185,194 186,195 186,196 187,197 188,198 189,199 190,200 191,201 192,202 192,203 192,204 191,205 190,206 189,207 188,208 187,209 186,210 186,211 186,212 186,213 186,214 186,215 186,216 186,217 186,218 186,219
124,0 125,1 126,1 127,2 128,3 129,4 130,5 131,6 132,7 133,8 134,9 135,9 136,9 137,8 138,9 139,9 140,10 141,11 141,12 142,13 142,14 142,15 142,16 142,17
18,85 19,84 20,83 21,82 22,81 22,80 22,79 22,78
126,6 127,7 128,8 129,9 130,10 131,11 132,12 131,13 131,14 131,15 132,16 133,17 134,18 135,19 136,20 136,21 137,22 138,23 139,24 140,25 140,26 140,27 140,28
59,177 58,176 57,175 56,174 55,173 54,172 53,171 52,170 51,169 50,168 49,167 48,166 47,165 46,164 45,164 44,164 43,163 42,162 41,161 40,160 39,160 38,160 37,160 36,160 35,160
0,35 1,34 2,33 3,32 4,31 5,30 5,29 5,28 6,27 7,28 8,29 9,29 10,29 11,29 12,29 13,29 14,29 15,29 16,29 17,29 18,29 19,29 20,29 21,30 22,29 23,29 24,29 25,29 26,29 27,29
150,215 151,216 150,217 149,218 148,219 147,220 147,221 146,222 147,223 148,224 149,225 150,226 151,227 152,228 153,229 154,230 155,231 156,232 156,233 156,234 155,235
216,109 215,110 215,111 215,112 215,113 215,114 215,115 215,116 215,117 215,118
128,13 129,14 130,15 131,16 132,17 133,18 134,19 135,20 136,21 136,22 136,23
102,205 102,204 101,203 100,202 100,201 99,200 99,199 99,198 99,197 98,196 97,195 97,194 96,193 95,192 94,191 93,190 93,189 93,188 93,187
34,18 35,17 36,16 37,15 38,16 39,15 40,15 41,15 42,15 43,15 44,15 45,15 46,15 47,15 48,15 49,15 50,15 51,15 52,15
148,249 148,248 149,247 150,246 151,245 152,244 152,243 151,242 151,241 150,240 150,239 150,238 150,237 150,236 150,235 150,234 151,233 151,232 152,231 153,230 153,229 153,228 153,227 153,226 153,225 153,224
138,80 139,79 139,78 139,77 139,76 139,75 139,74 139,73 139,72 139,71
130,78 131,79 132,79 133,80 134,81 135,81 136,81 137,81 138,81 139,81 140,81 141,81 142,81 143,81 144,81 145,81 146,81 147,81
5,244 6,243 6,242 7,241 8,240 9,239 10,238 10,237 10,236 10,235 11,234 12,233 12,232 11,231 10,230 10,229 10,228 10,227 10,226 10,225
8,244 9,244 10,244 11,243 12,242 13,241 14,240 15,239 16,239 17,239 18,239 19,239 20,239 21,240 22,239 23,239 24,239 25,239 26,238 27,239 28,239 29,239
23,121 22,120 21,119 20,118 20,117 19,116 19,115 19,114 19,113 19,112 19,111 19,110 19,109 19,108 18,107 18,106 17,105 16,104 15,104 14,104 13,103 12,103 11,103 10,102 9,101 8,101 7,101 6,101 5,102 4,103 3,104 2,104 1,104 0,103 0,102 0,101 0,100
67,37 68,37 69,38 70,39 70,40 71,41 72,42 72,43 72,44 72,45 72,46 72,47 72,48 72,49 72,50 72,51 72,52 72,53 72,54 72,55 72,56 72,57 72,58 73,59 72,60 72,61 72,62 72,63 72,64
210,12 209,13 208,14 207,15 206,16 205,16 204,16 203,16 202,16 201,16 200,16 199,16
41,47 40,48 40,49 40,50 41,51 42,52 43,53 44,54 45,55 46,56 47,57 47,58 46,59 46,60 45,61 45,62 44,63 44,64 44,65 44,66 45,67 45,68 46,69 47,70 48,71 49,72 50,73 51,74 52,75 53,76 54,76 55,76 56,76 57,76 58,76
203,190 204,189 205,188 206,187 207,186 208,185 209,184 210,183 211,182 211,181 210,180 210,179 210,178 210,177 211,176 212,175 213,174 214,174 215,174 216,173 216,172 216,171 216,170 215,169 214,168 213,167 212,166 212,165 212,164
114,84 113,83 112,82 111,81 110,80 109,79 108,78 107,77 106,76 105,75 105,74 105,73 104,72 103,71 102,70 102,69 101,68 100,67 99,66 98,65 97,64 96,63 95,62 94,61 94,60
204,116 203,117 202,118 201,119 201,120 201,121 201,122 201,123 202,124 202,125 202,126 202,127 202,128 202,129 202,130 202,131
123,240 124,239 125,238 126,237 126,236 126,235 126,234 125,233 125,232 126,231 127,230 128,229 129,228 130,227 131,226 132,225 133,224 134,223 135,222 136,221 136,220 135,219 134,218 133,217 132,216 131,216 130,215 129,215 128,215 127,215 126,215
178,167 177,166 176,165 175,164 174,163 173,162 172,161 171,160 170,159 169,158 168,157 168,156 167,155 166,154 165,153 164,152 164,151 163,150 163,149 164,148 163,147 163,146 162,145 162,144 162,143 161,142 160,141 159,140 158,139 157,138 156,137 155,137 154,137 153,137
191,111 191,110 192,109 193,108 194,107 195,106 196,105 197,104 197,103 198,102 199,101 200,100 200,99 200,98 201,97 202,96 203,95 204,94 205,93 206,92 206,91 207,90 208,89 209,88 210,88 211,88 212,88
246,139 246,140 246,141 246,142 246,143 246,144 246,145 246,146 246,147 246,148 246,149 245,150 244,151 243,152 242,153 241,154 240,155 239,156 238,156 237,156 236,156 235,157 234,156 233,156 232,156 231,155 230,155 229,155 228,155 227,155 226,156 225,156 224,156 223,156 222,156 221,156 220,156 219,156 218,156 217,156
124,41 125,42 126,43 127,44 128,43 129,43 130,42 131,42 132,42 133,43 134,44 135,45 136,46 137,47 138,48 139,49 140,50 141,49 142,50 143,51 144,52
76,99 76,98 75,97 74,96 74,95 74,94 73,93 72,92 71,91 70,90 69,89 68,89 67,89 66,89 65,89 64,89 63,89
143,228 142,227 141,226 140,225 139,224 138,223 137,222 136,221 136,220 135,219 134,218 133,217 132,216 132,215 131,214 130,213 129,212 128,211 127,210 126,210 125,210 124,210 123,210 122,210 121,210 120,210 119,210 118,210
154,141 153,140 152,139 151,138 150,137 149,136 148,135 147,134 146,133 145,132 144,133 143,134 142,134 141,134 140,133 139,132 138,131 137,130 136,129 135,128 134,127 133,126 132,125 131,124 130,123 129,122 128,121 128,120 127,119 127,118
62,78 61,77 60,77 59,76 58,75 57,74 56,73 55,72 54,71 54,70 54,69 54,68 54,67 54,66 55,65 56,64 57,63 58,62 59,61 60,60 60,59 60,58 60,57 59,56 58,55 57,54 57,53 56,52 55,51 54,50 54,49
155,70 156,69 157,69 158,70 159,71 160,71 161,71 162,71 163,71 164,70 165,69 166,69 167,69 168,69 169,69 170,69 171,69 172,69 173,69 174,69 175,69 176,69 177,70 178,70 179,70 180,69 181,69 182,69
200,188 199,189 198,190 197,191 196,191 195,191 194,191 193,191
246,0 247,0 248,0 249,1 249,2 249,3 248,4 248,5 248,6 248,7 248,8 248,9 248,10 248,11 248,12 248,13 248,14 248,15 248,16 248,17 248,18 249,19 249,20 249,21 249,22 248,23 248,24 248,25 248,26
50,23 51,24 52,25 53,26 54,27 55,28 56,29 57,30 58,31 59,32 60,33 61,34 62,35 63,36 63,37 64,38 65,39 66,40 67,41 68,42 69,42 70,42 71,42 72,42 73,42 74,42 75,42 76,42
114,206 115,205 116,204 117,203 117,202 118,201 119,200 120,199 121,198 122,198 123,198 124,198 125,197 126,196 126,195 126,194 125,193 125,192 125,191 125,190 125,189 125,188 125,187 125,186 125,185 125,184 125,183 125,182
173,210 174,211 175,212 176,213 177,214 178,214 179,214 180,214 181,214 182,214 183,214 184,214 185,214 186,214 187,214 188,214 189,214 190,214 191,214 192,214 193,214
205,29 204,28 203,27 202,26 201,25 200,24 199,23 198,22 197,22 196,22 195,21 194,21 193,21 192,21
151,69 150,68 149,67 148,66 147,65 146,64 146,63 146,62 146,61 145,60 144,59 143,58 142,57 141,56 140,55 140,54 139,53 138,52 137,51 136,50 135,49 134,48 133,47 133,46 134,45 134,44 133,43 132,42 131,42 130,42 129,43 128,43 127,43 126,43 125,43 124,43 123,43 122,43 121,43
167,201 166,200 165,199 164,198 163,197 162,196 161,195 160,194 159,193 158,192 157,191 156,190 155,189 154,188 153,187 152,186 151,186 150,186 149,186 148,187 147,186 146,186 145,186 144,186 143,186
182,145 181,144 180,143 179,143 178,142 177,141 176,140 175,139 174,138 173,137 172,136 172,135 173,134 173,133 173,132 172,131 171,130 170,129 169,128 168,127 167,126 166,125 165,124 164,124 163,124 162,124 161,123 160,123 159,122 159,121 160,120 161,119 162,118 163,117 164,116 164,115
135,130 134,131 133,132 132,133 131,134 130,135 129,136 128,137 127,138 126,138 125,138 124,137 123,137 122,137 121,137 120,138 119,138 118,138 117,138 116,138 115,138 114,138 113,138 112,138 111,138 110,138 109,138 108,138 107,138
148,218 147,217 146,216 145,215 144,214 143,213 142,212 141,211 140,210 139,209 138,208 137,207 136,206 135,205 134,204 134,203 135,202 136,201 136,200 135,199 134,198 134,197 134,196 134,195 135,194 135,193 134,192 133,191 132,190 131,189 130,189 129,189 128,189 127,189
57,35 58,34 59,33 59,32 60,31 61,30 62,29 63,28 64,27 65,26 66,25 67,24 68,24 69,24 70,23 71,22 72,21 73,20 74,19 75,18 76,17 77,16 78,15 79,14 80,13 81,12 82,12 83,12 84,12 85,12 86,12
67,201 68,200 69,199 70,198 71,199 72,200 73,201 74,201 75,200 76,199 77,199 78,198 79,198 80,197 81,196 82,196 83,196 84,196 85,196 86,196 87,196 88,196 89,196 90,196 91,196 92,196 93,196 94,196 95,196 96,196
172,110 171,109 170,108 169,107 168,106 167,105 166,104 165,103 164,102 163,101 162,100 161,99 160,98 159,97 159,96 158,95 157,94 156,93 155,92 154,91 153,90 152,89 151,88
6,229 7,230 8,230 9,230 10,231 11,231 12,232 13,233 14,233 15,233 16,233 17,233 18,233 19,233 20,233 21,233 22,233 23,233 24,233 25,233 26,233 27,233 28,233 29,233 30,233 31,233 32,233
169,159 170,160 171,161 172,162 173,163 174,164 175,165 176,166 177,167 178,168 179,169 180,170 181,171 182,172 183,173 184,174 185,175 186,176 187,177 188,178 189,179 190,179 191,179 192,179 193,179 194,179 195,179
182,191 183,192 184,193 184,194 185,195 186,196 187,197 188,198 189,199 190,200 191,201 192,202 192,203 192,204 191,205 190,206 189,207 188,208 187,209 186,210 185,211 184,212 183,213 182,214 181,215 180,216 179,216 178,216 177,216 176,216 175,216 174,216 173,216 172,216 171,216 170,216 169,216 168,216 167,216 166,216 165,216 164,215 163,216 162,216 161,216 160,216 159,216 158,216 157,216
219,108 220,107 221,106 222,105 223,104 224,103 225,102 226,101 227,100 228,100 229,100 230,100 231,100 232,100
78,39 77,38 76,37 75,36 74,35 74,34 73,33 72,32 71,31 70,30 69,29 68,28 67,27 66,26 65,25 64,24 64,23 63,22 62,21 61,20 60,19 59,18 58,17 57,16 56,15 55,14 54,13 53,13
19,20 20,21 21,22 22,23 23,24 24,25 25,26 26,27 27,28 28,29 29,30 30,31 31,30 32,30 33,30 34,31 35,32 36,33 37,34 38,35 39,36 40,37 41,38 41,39 41,40 41,41 42,42 43,43 44,43 45,43 46,43 47,43 48,42 49,41 49,40 49,39 49,38 49,37 49,36
26,89 27,88 28,88 29,87 30,86 31,86 32,86 33,87 34,87 35,88 36,89 37,90 38,91 39,90 40,90 41,91 42,90 43,89 44,88 45,87 46,86 47,86
2,172 1,171 1,170 1,169 1,168 1,167 1,166 1,165 1,164 1,163 1,162 1,161 1,160 1,159 1,158 1,157 1,156 1,155 1,154 1,153 1,152 1,151 1,150 0,149 1,148 1,147 1,146 1,145 1,144 1,143 1,142
62,14 61,14 60,15 60,16 60,17 60,18 60,19 60,20 60,21 60,22 60,23 60,24
27,134 26,133 25,132 24,131 23,130 22,129 22,128 22,127 23,126 22,125 22,124 22,123 22,122 22,121 21,120 20,119 19,119 18,119 17,119 16,119 15,119 14,119 13,119 12,119
1,123 0,122 0,121 0,120 0,119 0,118 0,117 0,116 0,115 0,114 0,113 0,112 0,111 0,110
243,10 242,11 241,11 240,11 239,12 238,13 237,13 236,14 235,15 234,16 233,17 232,18 231,19 230,20 229,21 228,22 227,23 228,24 228,25 228,26 228,27 227,28 228,29 227,30 226,31 225,32 224,33 223,34 222,35 221,36 220,37 219,38 218,38
201,105 200,104 199,103 198,102 197,101 196,100 195,99 195,98 194,97 193,96 192,95 191,94 190,93 189,92 188,92 187,92 186,92
103,218 102,219 101,220 100,221 99,222 98,223 97,224 96,225 95,226 94,227 93,228 92,229 91,230 90,230 89,231 88,231 87,231 86,231 85,230 84,230 83,231 82,232 82,233 83,234 84,234 85,234
109,70 108,69 107,68 107,67 106,66 105,65 104,64 104,63 104,62 105,61 106,60 107,59 107,58 106,57 107,56 107,55 107,54
114,59 115,58 116,57 117,56 118,55 119,54 120,53 121,52 122,51 123,50 123,49 124,48 125,47 125,46 126,45 127,44 128,43 129,42 130,42
221,177 220,178 219,179 218,180 217,181 216,182 215,183 214,183 213,184 212,185 211,186 210,187 209,188 208,189 207,190 206,190 205,190 204,190 203,190 202,190 201,189 200,190 199,190 198,190 197,190 196,190 195,190 194,190 193,190 192,190 191,190
54,4 55,5 56,5 57,5 58,5 59,5 60,6 60,7 59,8 58,9 57,10 56,11 55,12 54,13 54,14 54,15 54,16 54,17 54,18 55,19 54,20 54,21
159,40 160,41 161,42 162,41 163,41 164,40 165,40 166,41 167,42 168,43 169,44 170,45 171,46 172,47 173,48 174,49 175,49 176,48 177,48 178,48 179,48 180,49 181,49 182,50 183,51 184,52 185,53 186,54 187,55 187,56 187,57 187,58
176,223 177,224 178,224 179,223 180,222 181,221 182,220 183,219 184,218 185,217 186,216 187,215 188,215 189,215
137,3 138,4 139,5 140,6 141,7 142,8 143,9 144,10 145,11 146,12 147,12 148,13 149,14 149,15 149,16 150,17 151,18 152,19 153,19 154,19 155,19 156,19 157,19
236,224 237,225 238,226 239,227 240,227 241,227 242,227 243,228 244,229 245,230 246,231 247,232 247,233 247,234 247,235 248,236 249,237 249,238 249,239 249,240 249,241 249,242 249,243 249,244 249,245 249,246
200,14 201,15 202,16 203,17 204,18 205,19 205,20 205,21 205,22 205,23 205,24 205,25 205,26 205,27 205,28 205,29 205,30 205,31 205,32 205,33 205,34 205,35 205,36 205,37
115,164 116,165 117,165 118,166 119,167 120,168 121,169 122,169 123,170 124,170 125,171 126,172 127,172 128,172 129,172 130,172 131,172 132,172 133,172 134,172 135,172 136,172 137,172 138,172 139,172 140,172 141,172 142,172
194,240 193,239 192,238 191,237 190,236 191,235 191,234 191,233 191,232 190,231 189,231 188,230 187,229 186,229 185,229 184,229 183,230 182,231 181,232 180,233 179,234 178,235
72,25 71,24 70,23 70,22 70,21 70,20 69,19 68,18 67,17 66,16 65,15 64,14 63,13 62,12 61,11 61,10 60,9 59,8 60,7 60,6 59,5 58,4 58,3 58,2 58,1
23,121 22,120 21,119 20,118 20,117 19,116 19,115 19,114 19,113 19,112 19,111 19,110 19,109 19,108 18,107
145,240 145,239 146,238 146,237 147,236 148,235 148,234 148,233 147,232 147,231 146,230
202,76 201,76 200,77 199,78 198,79 197,80 196,81 195,82 194,83 193,84 192,85 191,86 191,87 190,88 189,89 188,90 187,91 186,91
138,51 139,52 140,53 140,54 141,55 142,56 143,57 144,58 145,59 146,60 147,60 148,60 149,60 150,60 151,60 152,60 153,60 154,60 155,60
166,141 167,142 168,143 169,144 170,145 171,146 172,147 173,148 174,149 175,149 176,150 177,151 178,152 179,153 180,154 181,155 182,156 183,157 184,158 185,159 186,160 187,161 188,162 189,163 190,164 191,165 192,166 193,167 194,168 195,169
245,122 244,121 243,120 242,119 242,118 242,117 241,116 240,115 239,114 238,113 237,112 237,111 236,110 235,109 234,108 233,107 232,106 231,105 230,106 229,106 228,106 227,106 226,105 225,105 224,105
33,227 33,226 33,225 34,224 35,224 36,224 37,224 38,224 39,224 40,224 41,224 42,224 43,224 44,224 45,224 46,224 47,224 48,224 49,224 50,224 51,224 52,224 53,224 54,224 55,224 56,224 57,224 58,224
134,108 133,107 132,106 131,105 130,104 129,103 128,102 127,101 126,100 125,99 124,98 125,97 126,96 127,95 128,94 129,93 130,92 131,91 130,90 129,89 128,88 127,87 126,86 125,85 124,86 123,87 122,86 121,85 120,84 119,83 118,82 117,81 116,80 115,79 114,78 113,78 112,78 111,78 110,78 109,78 108,78
178,6 177,6 176,6 175,6 174,6 173,6 172,6 171,6 170,7 169,6 168,6 167,6 166,6 165,6
101,10 100,11 99,12 98,13 97,14 96,14 95,13 94,14
212,243 213,244 214,245 215,246 216,247 217,248 218,249 219,249 220,249 221,248 222,248 223,248 224,248 225,248 226,248 227,248 228,248 229,248 230,248 231,248 232,248 233,248 234,248
66,223 67,222 68,221 69,220 70,220 71,220 72,220 73,220 74,220 75,220 76,220 77,220 78,220 79,220 80,220 81,221 82,222 83,222 84,222 85,221 86,220 87,220
173,205 172,204 171,203 170,202 169,201 168,200 167,199 166,198 165,197 165,196 164,195 163,194 162,193 161,192 161,191 161,190 161,189 160,188 160,187 160,186 160,185 160,184 160,183 161,182 162,182 163,182 164,181 165,180 166,179 167,178 168,178 169,178 170,178 171,178 172,178 173,179 174,180 175,181 176,182 176,183 176,184 176,185 176,186 176,187
241,157 240,156 240,155 239,154 238,153 237,152 236,151 235,150 235,149 235,148 234,147 233,146 232,145 231,144 230,143 229,142 228,141 227,140 226,139 225,138 224,137 223,136 222,135 221,134 220,133 219,132 218,131 217,131 216,131 215,132 214,131 213,131 212,131
49,48 50,49 51,50 52,51 53,52 54,53 55,53 56,52 57,53 58,54 59,55 60,56 61,57 62,58 63,58 64,59 65,60 65,61 65,62 66,63 67,64 68,64 69,64 70,64 71,64 72,64 73,64 74,64 75,64 76,64 77,64
100,131 99,130 98,129 97,128 96,128 95,127 94,126 93,126 92,127 91,128 90,129 89,130 88,131 87,132 86,131 85,130 84,129 83,128 82,127 81,126 80,125 79,124 78,123 78,122 77,121 77,120 77,119 77,118 77,117 77,116 77,115 77,114
138,152 137,151 136,150 135,149 135,148 135,147 135,146 136,145 136,144 135,143 134,142 133,141 132,141 131,141 130,141 129,141 128,141 127,141 126,141 125,142 124,142 123,141 122,141 121,141 120,141 119,141 118,141 117,141 116,142 115,141 114,141
30,44 29,43 28,42 27,42 26,42 25,42 24,42 23,42 22,41 21,42 20,42 19,42 18,42 17,42 16,42
45,110 46,109 47,108 48,107 48,106 48,105 48,104 48,103 48,102 48,101 48,100 48,99 48,98
166,178 167,177 168,176 169,175 170,174 171,173 172,173 173,173 174,173 175,173 176,173 177,172 177,171 177,170 177,169 177,168 177,167 177,166 177,165 177,164 177,163 177,162 177,161 176,160 177,159 177,158 177,157 177,156 178,155 177,154 177,153
