76,90 77,89 78,88 79,87 80,86 80,85 80,84 80,83 81,82 82,81 83,80 84,79 85,78 85,77 85,76 84,75 85,74 84,73 85,72 85,71
47,12 48,13
36,6 35,7 35,8 35,9 34,10 33,11 32,12 31,13 30,14 30,15 31,16 32,17 33,18 34,19 35,20 36,21 37,22 38,23 39,24 39,25 39,26 39,27 40,28 41,28 42,27 43,26 43,25
27,7 26,8 25,9 24,10 23,10 22,10 21,10 20,11 19,11 18,12 17,13 16,14 15,15 14,16 13,17 12,18 11,19 10,20 9,19 8,20 7,20 6,21 5,22 4,23 3,24 2,25 1,25 0,26 0,27 0,28 0,29 0,30
48,57 49,56 49,55 49,54 49,53 48,52 47,51 46,50 46,49 47,48 48,47 49,46
91,39 92,38 93,37 94,36 95,35 95,34 95,33 96,32 97,31 98,30 99,29 99,28 99,27 99,26 99,25 99,24 99,23 99,22 99,21 99,20 99,19 99,18 98,17 98,16 98,15 98,14 98,13 98,12 97,11 96,10 95,9
12,28 11,29 10,30 10,31 10,32 10,33 10,34 10,35 10,36 10,37 10,38 9,39 9,40 9,41 10,42 10,43 10,44 10,45 9,46 10,47 10,48 10,49 10,50
91,18 90,19 89,20 88,21 87,22 86,23 85,24 84,25 84,26 85,27 85,28 85,29 86,30 85,31 84,31 83,31 82,31 81,31 80,31 79,31 78,31 77,31 76,31 75,31 74,31 73,31 72,31 71,31 70,31 69,31 68,31 67,31 66,31 65,31 64,31 63,31 62,31 61,31
52,97 53,96 54,95 55,94 56,93 57,92 58,91 59,90 60,89 61,88 60,87 59,86 58,85 57,84 56,83 57,82 58,81 58,80 59,79 60,78 61,77 62,77 63,77 64,77 65,78 66,77 67,76 67,75 67,74 68,73 68,72 68,71 68,70
97,90 96,89 95,88 94,87 93,86 93,85 93,84 92,83 91,82 90,81 89,80 88,79 87,78 86,77 85,76 84,75 83,74 82,73 81,72 80,71 79,71 78,71 77,71 76,71 75,71 74,71
22,7 21,8 20,9 19,9 18,9 17,9
99,23 99,24 99,25 99,26 99,27 99,28 99,29 98,30 97,31 96,32 95,32 94,31 93,30 92,29 91,28 90,27 89,26 88,25 87,24 86,24 85,24
27,18 26,19 25,20 24,21 23,22 22,23 21,24 20,25 19,26 18,27 17,28 17,29 17,30 17,31 17,32 17,33 17,34 17,35 17,36
97,61 96,62 95,62 94,63 93,64 92,65 91,66 90,67 89,68 88,68 87,69 86,70 85,70 84,70 83,70 82,70 81,70 80,70 79,71 78,70 77,70 76,70 75,70
42,99 41,98 40,97 39,96 38,95 37,94 36,93 35,92 34,91 33,90 32,89 31,88 30,87 29,86 28,85 27,84 26,83 25,82 24,81 23,80 23,79 23,78 23,77 23,76
45,52 44,51 43,50 42,50 41,50 40,50 39,49 38,48 37,47 36,46 36,45 36,44 36,43 36,42 36,41
87,71 88,72 89,73 90,74 91,75 92,76 93,77 94,78 95,79 96,80 96,81 96,82
36,33 35,32 34,31 33,30 32,29 32,28 32,27 32,26 32,25 32,24 32,23 32,22 32,21 32,20 32,19 32,18 32,17 31,16 30,15 30,14 31,13 32,12 32,11 32,10 32,9 32,8 32,7 32,6 32,5 32,4 32,3
1,73 2,72 3,71 4,70 5,69 6,68 7,67 8,66 8,65 8,64 9,63 10,62 11,61 12,60 13,59 14,58 15,57 16,56 17,55 18,54 19,53 20,52 21,51 22,50 23,49 24,48 25,48
23,56 24,56 25,56 26,55 27,54 28,55 29,54 30,53 31,52 32,51 33,50 34,49 35,48 36,47 37,46 38,45 39,44 40,43 41,42 42,42 43,42 44,42 45,43 46,43 47,42 48,41 49,40 50,39 51,38 50,37 49,36 48,35 47,34 47,33
18,11 17,12 16,13 15,14 14,15 13,16 12,17 11,18 10,19 9,19 8,20 7,20 6,21 5,22 4,23 3,24 2,25 1,25 0,26 0,27 0,28 0,29 1,30 2,31 3,32 4,33 5,34 6,35 7,35 8,35 9,35 10,35 11,35 12,35
76,44 75,45 74,45 73,46 72,46 71,46 70,46 69,47 68,48 67,49 66,50 65,51 64,52 63,53 62,53 61,54 60,55 59,56 59,57 59,58 59,59 60,60 61,61 61,62 60,63 59,64 58,65 57,65 56,65 55,65 54,66 53,65 52,65 51,65 50,65 49,65 48,65
54,8 55,9 56,10 57,11 58,12 58,13 58,14 58,15 58,16 59,17 60,18 61,19 62,20 63,21 64,22 65,23 65,24 64,25 64,26 65,27 66,28 67,28 68,28 69,27 70,27 71,27 72,27 73,26 74,26 75,26 76,26 77,26 78,26 79,26 80,26
3,11 4,12 5,13 6,13 7,14 8,15 9,16 10,17 11,18 12,18 13,17 14,16 15,15 16,14 17,13 18,12 19,11 20,11 21,10 22,10 23,10 24,10 25,11 26,12 26,13 26,14 25,15 26,16 26,17 26,18 26,19 26,20 26,21 26,22 25,23 26,24 26,25
72,19 72,18 73,17 72,16 73,15 73,14 73,13 73,12
6,42 7,43 8,44 9,45 10,45 11,46 12,47 13,47 14,47 15,48 16,49 17,50 18,51 18,52 17,53 18,54 18,55 18,56 18,57
0,89 1,88 2,89 3,90 4,90 5,90 6,89 7,88 8,87 8,86 8,85 8,84 8,83
72,57 71,56 70,55 70,54 70,53 70,52 70,51 70,50 69,49 68,48 69,47 70,46 70,45 70,44 70,43 70,42 70,41 70,40 70,39 70,38 70,37 70,36 70,35 70,34 70,33 70,32
57,37 56,36 55,35 54,34 53,33 52,32 51,31 50,31 49,31 48,31 47,31 46,30 45,29 44,28 43,27 42,27 41,28 40,28 39,27 38,26 37,25 36,24 35,23 34,22 33,21 32,20 31,19 30,18 29,17 28,16 27,15 27,14 27,13
61,58 60,59 60,60 61,61 61,62 60,63 59,64 58,65 57,66 56,67 55,68 55,69 55,70 55,71 54,72 55,73 55,74 54,75 54,76 55,77 55,78 55,79 55,80 55,81 54,82 55,83 55,84 55,85 55,86
80,10 81,11 82,12 83,13 84,14 83,15 82,16 82,17 82,18 83,19 84,20 85,21 86,21 87,21
55,42 54,43 53,44 52,45 51,46 50,46 49,46 48,47 47,48 46,49 46,50 47,51 48,52 49,53 49,54 49,55 49,56 49,57 49,58 49,59 49,60 49,61 49,62 49,63 49,64
8,53 7,54 6,55 7,56 8,57 8,58 8,59 8,60 8,61 7,62 6,63 5,63 4,63 3,63 2,63 1,63
19,21 20,22 21,23 22,23 23,23 24,23 25,23
30,76 31,75 32,74 33,73 33,72 33,71 33,70 33,69 33,68 33,67 33,66 33,65 33,64 33,63 33,62 33,61 33,60 33,59 33,58 33,57 32,56 33,55 33,54 33,53 33,52 33,51
46,11 45,12 44,12 43,12 42,12 41,12 40,12 39,13 38,14 37,15 36,16 35,17 34,18 33,18 32,17 31,16 30,15 29,14 28,13 27,12 26,12 25,12
69,46 68,45 67,44 66,43 66,42 65,41 64,40 63,39 62,38 61,37 60,36 59,35 58,34 57,33 56,32 55,32 54,31 53,30 52,30 51,30 50,31 49,31 48,31 47,31 46,30 45,29 44,28 44,27 44,26 44,25
63,39 64,40 65,41 66,42 67,42 68,43 69,44 70,45 71,46 72,46 73,46 74,45 75,45 76,44 77,44 78,45 79,46 80,47 81,48 82,49 83,50 83,51 84,52 85,53 86,54 87,55 87,56 87,57 87,58 87,59 87,60 87,61
19,48 20,49 21,49 22,49 23,48 24,47 25,46 26,45 27,44 28,44 29,43 30,42 31,41 31,40 31,39 31,38 31,37 31,36 31,35 31,34 31,33 31,32
89,21 88,20 87,20 86,21 85,21 84,20 83,19 82,18 81,17 80,16 79,15 78,14 77,13 76,12 76,11 76,10
51,70 50,69 49,68 48,67 47,66 46,66 45,66 44,66 43,66 42,66 41,66 40,66 39,65 38,64 37,65 36,66 35,66 34,66 33,66 32,66 31,66 30,66 29,66
34,99 33,99 32,99 31,99 30,99 29,99 28,98 27,97 26,96 25,95 24,94 24,93 24,92 24,91 24,90 24,89 24,88 24,87 24,86 24,85 24,84 24,83 24,82 24,81 23,80 24,79 24,78 24,77 24,76 24,75 24,74
80,42 81,41 82,40 83,39 84,38 85,37 85,36 85,35 86,34 86,33 86,32 87,31 88,30 89,29 90,29 91,28 92,29 93,30 94,31 95,32 96,32 97,31 98,30 99,29 99,28 99,27 99,26 99,25 99,24 99,23 99,22 99,21 99,20 99,19 99,18 98,17
15,64 16,63 17,62 18,61 19,60 20,59 21,58 22,57 23,56 24,56 25,56 26,55 27,54 28,55 29,54 30,53 31,52 32,51
14,36 15,37 16,38 17,39 18,40 18,41 18,42 18,43 17,44 16,45 16,46 16,47 17,48 18,49 18,50 18,51 18,52 17,53 18,54
70,93 71,92 72,91 73,90 74,89 75,88 76,87 76,86 77,85 78,84 79,83 80,82 81,81 82,80 83,79 84,78 85,77 86,76 87,75 88,74 89,73 90,72 91,71 92,70 93,69 93,68 93,67
84,37 83,36 82,35 81,34 80,33 79,32 78,31 77,30 76,29 75,28 74,27 73,26 74,25 74,24 74,23 74,22 74,21 73,20 72,19 71,18 70,17 69,16 68,15 67,14 66,14 65,13 64,13 63,14 62,15 61,16 60,17 59,17 58,16 57,15 56,14 56,13
25,3 26,4 27,5 28,6 29,7 30,8 31,9 32,9
58,99 57,99 56,99 55,98 54,97 53,97 52,97 51,97 50,97 49,97 48,97 47,97 46,97 45,97 44,97 43,97 42,97 41,97 40,97 39,97 38,97 37,98 36,99 35,99 34,99 33,99 32,99 31,99 30,99 29,99 28,98 29,97
71,68 70,69 69,70 68,71 67,72 66,73 65,73 64,73 63,72 62,72 61,71 60,72 59,72 58,73
